{
  "RSpec": {
    "coverage": {
      "/home/dat/Project_AThien/config/environment.rb": [
        null,
        null,
        null,
        1,
        1,
        null,
        null,
        1
      ],
      "/home/dat/Project_AThien/config/application.rb": [
        null,
        null,
        1,
        null,
        1,
        1,
        1,
        null,
        null,
        1,
        null,
        1,
        1,
        null,
        1,
        null,
        null,
        null,
        null,
        null,
        null,
        null
      ],
      "/home/dat/Project_AThien/config/boot.rb": [
        null,
        null,
        1,
        null,
        1,
        1
      ],
      "/home/dat/Project_AThien/config/environments/test.rb": [
        null,
        null,
        1,
        null,
        null,
        null,
        null,
        null,
        null,
        1,
        null,
        null,
        null,
        null,
        1,
        null,
        null,
        1,
        1,
        null,
        null,
        null,
        null,
        1,
        1,
        null,
        null,
        1,
        null,
        null,
        1,
        null,
        null,
        1,
        null,
        1,
        null,
        null,
        null,
        null,
        1,
        null,
        null,
        1,
        null,
        null,
        null,
        null
      ],
      "/home/dat/Project_AThien/config/initializers/application_controller_renderer.rb": [
        null,
        null,
        null,
        null,
        null,
        null,
        null,
        null,
        null,
        null
      ],
      "/home/dat/Project_AThien/config/initializers/assets.rb": [
        null,
        null,
        null,
        null,
        null,
        1,
        null,
        null,
        null,
        null,
        1,
        null,
        null,
        null,
        null,
        null
      ],
      "/home/dat/Project_AThien/config/initializers/backtrace_silencers.rb": [
        null,
        null,
        null,
        null,
        null,
        null,
        null,
        null,
        null
      ],
      "/home/dat/Project_AThien/config/initializers/carrier_wave.rb": [
        null,
        null,
        1
      ],
      "/home/dat/Project_AThien/config/initializers/content_security_policy.rb": [
        null,
        null,
        null,
        null,
        null,
        null,
        null,
        null,
        null,
        null,
        null,
        null,
        null,
        null,
        null,
        null,
        null,
        null,
        null,
        null,
        null,
        null,
        null,
        null,
        null,
        null,
        null
      ],
      "/home/dat/Project_AThien/config/initializers/cookies_serializer.rb": [
        null,
        null,
        null,
        null,
        null,
        null,
        1
      ],
      "/home/dat/Project_AThien/config/initializers/devise.rb": [
        null,
        null,
        1,
        1,
        1,
        1,
        1,
        1,
        1,
        1,
        1,
        1,
        1,
        1,
        1,
        1,
        1,
        1,
        1,
        null
      ],
      "/home/dat/Project_AThien/config/initializers/filter_parameter_logging.rb": [
        null,
        null,
        null,
        null,
        null,
        1
      ],
      "/home/dat/Project_AThien/config/initializers/inflections.rb": [
        null,
        null,
        null,
        null,
        null,
        null,
        null,
        null,
        null,
        null,
        null,
        null,
        null,
        null,
        null,
        null,
        null,
        null
      ],
      "/home/dat/Project_AThien/config/initializers/kaminari_config.rb": [
        null,
        null,
        1,
        null,
        null,
        null,
        null,
        null,
        null,
        null,
        null,
        null,
        null
      ],
      "/home/dat/Project_AThien/config/initializers/mime_types.rb": [
        null,
        null,
        null,
        null,
        null,
        null
      ],
      "/home/dat/Project_AThien/config/initializers/wrap_parameters.rb": [
        null,
        null,
        null,
        null,
        null,
        null,
        null,
        null,
        1,
        2,
        null,
        null,
        null,
        null,
        null,
        null
      ],
      "/home/dat/Project_AThien/spec/factories/user.rb\n\nuser.rb": [
        1,
        1,
        1,
        1,
        1,
        1,
        null,
        null
      ],
      "/home/dat/Project_AThien/config/routes.rb": [
        null,
        null,
        1,
        1,
        1,
        1,
        1,
        1,
        null,
        1,
        1,
        1,
        1,
        1,
        null,
        null,
        1,
        null,
        null
      ],
      "/home/dat/Project_AThien/app/models/user.rb": [
        null,
        null,
        1,
        1,
        1,
        null,
        null,
        1,
        1,
        1,
        null,
        1,
        0,
        0,
        null,
        0,
        null,
        null,
        null,
        null,
        1,
        0,
        0,
        0,
        0,
        null,
        null,
        null,
        1,
        null,
        1,
        0,
        null,
        null
      ],
      "/home/dat/Project_AThien/app/models/application_record.rb": [
        null,
        null,
        1,
        1,
        null
      ],
      "/home/dat/Project_AThien/app/uploaders/avatar_uploader.rb": [
        null,
        null,
        1,
        1,
        null,
        1,
        0,
        null,
        null,
        1,
        null,
        1,
        0,
        null,
        null,
        null,
        1,
        1,
        null,
        null,
        1,
        1,
        null,
        null,
        1,
        1,
        null,
        null,
        1,
        0,
        null,
        null
      ],
      "/home/dat/Project_AThien/app/helpers/application_helper.rb": [
        null,
        null,
        1,
        null
      ],
      "/home/dat/Project_AThien/app/helpers/users_helper.rb": [
        null,
        null,
        1,
        1,
        0,
        0,
        0,
        0,
        null,
        null,
        1,
        0,
        null,
        null
      ],
      "/home/dat/Project_AThien/spec/models/user_spec.rb": [
        1,
        null,
        1,
        1,
        2,
        2,
        null,
        null,
        1,
        1,
        2,
        2,
        2,
        2,
        2,
        2,
        2,
        2,
        2,
        2,
        2,
        2,
        2,
        null,
        null,
        null
      ]
    },
    "timestamp": 1535344668
  }
}
